etags: skipping projects/StereoPipeline/src/asp/Core/tests: it is not a regular file.
etags: skipping projects/StereoPipeline/src/asp/IsisIO/tests: it is not a regular file.
etags: skipping projects/StereoPipeline/src/asp/Sessions/DG: it is not a regular file.
etags: skipping projects/StereoPipeline/src/asp/Sessions/DGMapRPC: it is not a regular file.
etags: skipping projects/StereoPipeline/src/asp/Sessions/ISIS: it is not a regular file.
etags: skipping projects/StereoPipeline/src/asp/Sessions/ISISMapISIS: it is not a regular file.
etags: skipping projects/StereoPipeline/src/asp/Sessions/NadirPinhole: it is not a regular file.
etags: skipping projects/StereoPipeline/src/asp/Sessions/Pinhole: it is not a regular file.
etags: skipping projects/StereoPipeline/src/asp/Sessions/RMAX: it is not a regular file.
etags: skipping projects/StereoPipeline/src/asp/Sessions/RPC: it is not a regular file.
etags: skipping projects/StereoPipeline/src/asp/Sessions/tests: it is not a regular file.
etags: skipping projects/visionworkbench/src/vw/BundleAdjustment/tests: it is not a regular file.
etags: skipping projects/visionworkbench/src/vw/Camera/tests: it is not a regular file.
etags: skipping projects/visionworkbench/src/vw/Cartography/detail: it is not a regular file.
etags: skipping projects/visionworkbench/src/vw/Cartography/tests: it is not a regular file.
etags: skipping projects/visionworkbench/src/vw/Core/tests: it is not a regular file.
etags: skipping projects/visionworkbench/src/vw/FileIO/tests: it is not a regular file.
etags: skipping projects/visionworkbench/src/vw/Geometry/tests: it is not a regular file.
etags: skipping projects/visionworkbench/src/vw/GPU/Shaders: it is not a regular file.
etags: skipping projects/visionworkbench/src/vw/GPU/tests: it is not a regular file.
etags: skipping projects/visionworkbench/src/vw/HDR/tests: it is not a regular file.
etags: skipping projects/visionworkbench/src/vw/Image/tests: it is not a regular file.
etags: skipping projects/visionworkbench/src/vw/InterestPoint/tests: it is not a regular file.
etags: skipping projects/visionworkbench/src/vw/Math/tests: it is not a regular file.
etags: skipping projects/visionworkbench/src/vw/Mosaic/tests: it is not a regular file.
etags: skipping projects/visionworkbench/src/vw/Plate/detail: it is not a regular file.
etags: skipping projects/visionworkbench/src/vw/Plate/google: it is not a regular file.
etags: skipping projects/visionworkbench/src/vw/Plate/tests: it is not a regular file.
etags: skipping projects/visionworkbench/src/vw/Python/vw: it is not a regular file.
etags: skipping projects/visionworkbench/src/vw/Stereo/tests: it is not a regular file.
etags: skipping projects/visionworkbench/src/vw/tools/run_ba_tests_lib: it is not a regular file.
etags: skipping projects/lima/build: it is not a regular file.
etags: skipping projects/lima/camera_models: it is not a regular file.
etags: skipping projects/lima/common: it is not a regular file.
etags: skipping projects/lima/dem2dem_processing: it is not a regular file.
etags: skipping projects/lima/docs: it is not a regular file.
etags: skipping projects/lima/geotif_processing: it is not a regular file.
etags: skipping projects/lima/horizon_processing: it is not a regular file.
etags: skipping projects/lima/lidar2dem_processing: it is not a regular file.
etags: skipping projects/lima/lidar2img_processing: it is not a regular file.
etags: skipping projects/lima/lidar_tracks: it is not a regular file.
etags: skipping projects/lima/localization: it is not a regular file.
etags: skipping projects/lima/mosaic_processing: it is not a regular file.
etags: skipping projects/lima/sfm_processing: it is not a regular file.
etags: skipping projects/lima/stereo_processing: it is not a regular file.
etags: skipping projects/lima/tests: it is not a regular file.
etags: skipping projects/lima/thirdparty: it is not a regular file.
etags: skipping projects/lima/build/CMakeFiles: it is not a regular file.
etags: skipping projects/lima/build/dem2dem_processing: it is not a regular file.
etags: skipping projects/lima/build/sfm_processing: it is not a regular file.
etags: skipping projects/lima/common/tests: it is not a regular file.
etags: skipping projects/lima/dem2dem_processing/cmake_modules: it is not a regular file.
etags: skipping projects/lima/docs/lidar2img: it is not a regular file.
etags: skipping projects/lima/geotif_processing/cmake_modules: it is not a regular file.
etags: skipping projects/lima/horizon_processing/tests: it is not a regular file.
etags: skipping projects/lima/lidar2dem_processing/cmake_modules: it is not a regular file.
etags: skipping projects/lima/lidar2img_processing/cmake_modules: it is not a regular file.
etags: skipping projects/lima/lidar2img_processing/data: it is not a regular file.
etags: skipping projects/lima/lidar2img_processing/scripts: it is not a regular file.
etags: skipping projects/lima/lidar_tracks/cmake_modules: it is not a regular file.
etags: skipping projects/lima/localization/cmake_modules: it is not a regular file.
etags: skipping projects/lima/mosaic_processing/tests: it is not a regular file.
etags: skipping projects/lima/sfm_processing/gtests: it is not a regular file.
etags: skipping projects/lima/sfm_processing/tests: it is not a regular file.
etags: skipping projects/lima/stereo_processing/tests: it is not a regular file.
etags: skipping projects/lima/tests/build: it is not a regular file.
etags: skipping projects/lima/tests/CMakeFiles: it is not a regular file.
etags: skipping projects/lima/tests/cmake_modules: it is not a regular file.
etags: skipping projects/lima/tests/dem2dem_processing: it is not a regular file.
etags: skipping projects/lima/thirdparty/gtest-1.6.0: it is not a regular file.
etags: skipping projects/lima/thirdparty/TooN: it is not a regular file.
